2019-03-10 08:04:03,449 aneeb surefirebooter3915564121344225911.jar[4573] INFO  [io.qua.dep.QuarkusAugmentor] (main) Beginning quarkus augmentation
2019-03-10 08:04:03,587 aneeb surefirebooter3915564121344225911.jar[4573] DEBUG [org.jbo.threads] (main) JBoss Threads version 3.0.0.Alpha4
2019-03-10 08:04:04,149 aneeb surefirebooter3915564121344225911.jar[4573] INFO  [io.qua.dep.QuarkusAugmentor] (main) Quarkus augmentation completed in 700ms
2019-03-10 08:04:04,443 aneeb surefirebooter3915564121344225911.jar[4573] DEBUG [org.xnio] (main) XNIO version 3.6.5.Final
2019-03-10 08:04:04,457 aneeb surefirebooter3915564121344225911.jar[4573] DEBUG [org.xni.nio] (main) XNIO NIO Implementation Version 3.6.5.Final
2019-03-10 08:04:04,524 aneeb surefirebooter3915564121344225911.jar[4573] INFO  [io.quarkus] (main) Quarkus 0.11.0 started in 0.359s. Listening on: http://127.0.0.1:8081
2019-03-10 08:04:04,525 aneeb surefirebooter3915564121344225911.jar[4573] INFO  [io.quarkus] (main) Installed features: [cdi, resteasy]
2019-03-10 08:04:05,849 aneeb surefirebooter3915564121344225911.jar[4573] INFO  [io.quarkus] (main) Quarkus stopped in 0.005s
2019-03-10 08:09:57,833 aneeb surefirebooter5414732636484162352.jar[5192] INFO  [io.qua.dep.QuarkusAugmentor] (main) Beginning quarkus augmentation
2019-03-10 08:09:57,954 aneeb surefirebooter5414732636484162352.jar[5192] DEBUG [org.jbo.threads] (main) JBoss Threads version 3.0.0.Alpha4
2019-03-10 08:09:58,528 aneeb surefirebooter5414732636484162352.jar[5192] INFO  [io.qua.dep.QuarkusAugmentor] (main) Quarkus augmentation completed in 696ms
2019-03-10 08:09:58,809 aneeb surefirebooter5414732636484162352.jar[5192] DEBUG [org.xnio] (main) XNIO version 3.6.5.Final
2019-03-10 08:09:58,819 aneeb surefirebooter5414732636484162352.jar[5192] DEBUG [org.xni.nio] (main) XNIO NIO Implementation Version 3.6.5.Final
2019-03-10 08:09:58,884 aneeb surefirebooter5414732636484162352.jar[5192] INFO  [io.quarkus] (main) Quarkus 0.11.0 started in 0.341s. Listening on: http://127.0.0.1:8081
2019-03-10 08:09:58,884 aneeb surefirebooter5414732636484162352.jar[5192] INFO  [io.quarkus] (main) Installed features: [cdi, resteasy]
2019-03-10 08:10:00,170 aneeb surefirebooter5414732636484162352.jar[5192] INFO  [io.quarkus] (main) Quarkus stopped in 0.007s
2019-03-10 08:11:18,547 aneeb surefirebooter7957546147472919046.jar[5514] INFO  [io.qua.dep.QuarkusAugmentor] (main) Beginning quarkus augmentation
2019-03-10 08:11:18,675 aneeb surefirebooter7957546147472919046.jar[5514] DEBUG [org.jbo.threads] (main) JBoss Threads version 3.0.0.Alpha4
2019-03-10 08:11:19,199 aneeb surefirebooter7957546147472919046.jar[5514] INFO  [io.qua.dep.QuarkusAugmentor] (main) Quarkus augmentation completed in 652ms
2019-03-10 08:11:19,472 aneeb surefirebooter7957546147472919046.jar[5514] DEBUG [org.xnio] (main) XNIO version 3.6.5.Final
2019-03-10 08:11:19,482 aneeb surefirebooter7957546147472919046.jar[5514] DEBUG [org.xni.nio] (main) XNIO NIO Implementation Version 3.6.5.Final
2019-03-10 08:11:19,548 aneeb surefirebooter7957546147472919046.jar[5514] INFO  [io.quarkus] (main) Quarkus 0.11.0 started in 0.336s. Listening on: http://127.0.0.1:8081
2019-03-10 08:11:19,548 aneeb surefirebooter7957546147472919046.jar[5514] INFO  [io.quarkus] (main) Installed features: [cdi, resteasy]
2019-03-10 08:11:20,899 aneeb surefirebooter7957546147472919046.jar[5514] INFO  [io.quarkus] (main) Quarkus stopped in 0.007s
2019-03-10 08:13:17,528 aneeb surefirebooter503999149705429101.jar[6285] INFO  [io.qua.dep.QuarkusAugmentor] (main) Beginning quarkus augmentation
2019-03-10 08:13:17,653 aneeb surefirebooter503999149705429101.jar[6285] DEBUG [org.jbo.threads] (main) JBoss Threads version 3.0.0.Alpha4
2019-03-10 08:13:18,188 aneeb surefirebooter503999149705429101.jar[6285] INFO  [io.qua.dep.QuarkusAugmentor] (main) Quarkus augmentation completed in 660ms
2019-03-10 08:13:18,500 aneeb surefirebooter503999149705429101.jar[6285] DEBUG [org.xnio] (main) XNIO version 3.6.5.Final
2019-03-10 08:13:18,510 aneeb surefirebooter503999149705429101.jar[6285] DEBUG [org.xni.nio] (main) XNIO NIO Implementation Version 3.6.5.Final
2019-03-10 08:13:18,573 aneeb surefirebooter503999149705429101.jar[6285] INFO  [io.quarkus] (main) Quarkus 0.11.0 started in 0.369s. Listening on: http://127.0.0.1:8081
2019-03-10 08:13:18,573 aneeb surefirebooter503999149705429101.jar[6285] INFO  [io.quarkus] (main) Installed features: [cdi, resteasy]
2019-03-10 08:13:19,832 aneeb surefirebooter503999149705429101.jar[6285] INFO  [io.quarkus] (main) Quarkus stopped in 0.008s
2019-03-10 08:22:03,417 aneeb surefirebooter3059681916820319992.jar[6744] INFO  [io.qua.dep.QuarkusAugmentor] (main) Beginning quarkus augmentation
2019-03-10 08:22:03,548 aneeb surefirebooter3059681916820319992.jar[6744] DEBUG [org.jbo.threads] (main) JBoss Threads version 3.0.0.Alpha4
2019-03-10 08:22:04,078 aneeb surefirebooter3059681916820319992.jar[6744] INFO  [io.qua.dep.QuarkusAugmentor] (main) Quarkus augmentation completed in 661ms
2019-03-10 08:22:04,366 aneeb surefirebooter3059681916820319992.jar[6744] DEBUG [org.xnio] (main) XNIO version 3.6.5.Final
2019-03-10 08:22:04,376 aneeb surefirebooter3059681916820319992.jar[6744] DEBUG [org.xni.nio] (main) XNIO NIO Implementation Version 3.6.5.Final
2019-03-10 08:22:04,442 aneeb surefirebooter3059681916820319992.jar[6744] INFO  [io.quarkus] (main) Quarkus 0.11.0 started in 0.346s. Listening on: http://127.0.0.1:8081
2019-03-10 08:22:04,443 aneeb surefirebooter3059681916820319992.jar[6744] INFO  [io.quarkus] (main) Installed features: [cdi, resteasy]
2019-03-10 08:22:05,754 aneeb surefirebooter3059681916820319992.jar[6744] INFO  [io.quarkus] (main) Quarkus stopped in 0.006s
2019-03-10 08:25:23,304 aneeb getting-started-1.0-SNAPSHOT-runner[7063] INFO  [io.quarkus] (main) Quarkus 0.11.0 started in 0.002s. Listening on: http://127.0.0.1:8081
2019-03-10 08:25:23,304 aneeb getting-started-1.0-SNAPSHOT-runner[7063] INFO  [io.quarkus] (main) Installed features: [cdi, resteasy]
2019-03-10 08:25:24,916 aneeb getting-started-1.0-SNAPSHOT-runner[7063] INFO  [io.quarkus] (main) Quarkus stopped in 0.000s
2019-03-10 08:29:56,911 aneeb surefirebooter3495098392241760098.jar[7170] INFO  [io.qua.dep.QuarkusAugmentor] (main) Beginning quarkus augmentation
2019-03-10 08:29:57,047 aneeb surefirebooter3495098392241760098.jar[7170] DEBUG [org.jbo.threads] (main) JBoss Threads version 3.0.0.Alpha4
2019-03-10 08:29:57,600 aneeb surefirebooter3495098392241760098.jar[7170] INFO  [io.qua.dep.QuarkusAugmentor] (main) Quarkus augmentation completed in 689ms
2019-03-10 08:29:57,859 aneeb surefirebooter3495098392241760098.jar[7170] DEBUG [org.xnio] (main) XNIO version 3.6.5.Final
2019-03-10 08:29:57,870 aneeb surefirebooter3495098392241760098.jar[7170] DEBUG [org.xni.nio] (main) XNIO NIO Implementation Version 3.6.5.Final
2019-03-10 08:29:57,935 aneeb surefirebooter3495098392241760098.jar[7170] INFO  [io.quarkus] (main) Quarkus 0.11.0 started in 0.322s. Listening on: http://127.0.0.1:8081
2019-03-10 08:29:57,936 aneeb surefirebooter3495098392241760098.jar[7170] INFO  [io.quarkus] (main) Installed features: [cdi, resteasy]
2019-03-10 08:29:59,166 aneeb surefirebooter3495098392241760098.jar[7170] INFO  [io.quarkus] (main) Quarkus stopped in 0.009s
2019-03-10 08:32:18,664 aneeb surefirebooter2914057219660238970.jar[7401] INFO  [io.qua.dep.QuarkusAugmentor] (main) Beginning quarkus augmentation
2019-03-10 08:32:18,801 aneeb surefirebooter2914057219660238970.jar[7401] DEBUG [org.jbo.threads] (main) JBoss Threads version 3.0.0.Alpha4
2019-03-10 08:32:19,337 aneeb surefirebooter2914057219660238970.jar[7401] INFO  [io.qua.dep.QuarkusAugmentor] (main) Quarkus augmentation completed in 673ms
2019-03-10 08:32:19,608 aneeb surefirebooter2914057219660238970.jar[7401] DEBUG [org.xnio] (main) XNIO version 3.6.5.Final
2019-03-10 08:32:19,618 aneeb surefirebooter2914057219660238970.jar[7401] DEBUG [org.xni.nio] (main) XNIO NIO Implementation Version 3.6.5.Final
2019-03-10 08:32:19,681 aneeb surefirebooter2914057219660238970.jar[7401] INFO  [io.quarkus] (main) Quarkus 0.11.0 started in 0.328s. Listening on: http://127.0.0.1:8081
2019-03-10 08:32:19,682 aneeb surefirebooter2914057219660238970.jar[7401] INFO  [io.quarkus] (main) Installed features: [cdi, resteasy]
2019-03-10 08:32:20,990 aneeb surefirebooter2914057219660238970.jar[7401] INFO  [io.quarkus] (main) Quarkus stopped in 0.027s
2019-03-10 08:35:28,671 aneeb surefirebooter7106229590569080268.jar[8691] INFO  [io.qua.dep.QuarkusAugmentor] (main) Beginning quarkus augmentation
2019-03-10 08:35:28,798 aneeb surefirebooter7106229590569080268.jar[8691] DEBUG [org.jbo.threads] (main) JBoss Threads version 3.0.0.Alpha4
2019-03-10 08:35:29,379 aneeb surefirebooter7106229590569080268.jar[8691] INFO  [io.qua.dep.QuarkusAugmentor] (main) Quarkus augmentation completed in 708ms
2019-03-10 08:35:29,643 aneeb surefirebooter7106229590569080268.jar[8691] DEBUG [org.xnio] (main) XNIO version 3.6.5.Final
2019-03-10 08:35:29,655 aneeb surefirebooter7106229590569080268.jar[8691] DEBUG [org.xni.nio] (main) XNIO NIO Implementation Version 3.6.5.Final
2019-03-10 08:35:29,723 aneeb surefirebooter7106229590569080268.jar[8691] INFO  [io.quarkus] (main) Quarkus 0.11.0 started in 0.331s. Listening on: http://127.0.0.1:8081
2019-03-10 08:35:29,723 aneeb surefirebooter7106229590569080268.jar[8691] INFO  [io.quarkus] (main) Installed features: [cdi, resteasy]
2019-03-10 08:35:31,051 aneeb surefirebooter7106229590569080268.jar[8691] INFO  [io.quarkus] (main) Quarkus stopped in 0.007s
